[debug] [2025-06-23T17:48:03.410Z] ----------------------------------------------------------------------
[debug] [2025-06-23T17:48:03.413Z] Command:       D:\Program Files (x86)\node.exe C:\Users\Matheus\AppData\Roaming\npm\node_modules\firebase-tools\lib\bin\firebase.js init
[debug] [2025-06-23T17:48:03.415Z] CLI Version:   14.8.0
[debug] [2025-06-23T17:48:03.415Z] Platform:      win32
[debug] [2025-06-23T17:48:03.415Z] Node Version:  v22.16.0
[debug] [2025-06-23T17:48:03.416Z] Time:          Mon Jun 23 2025 14:48:03 GMT-0300 (Horário Padrão de Brasília)
[debug] [2025-06-23T17:48:03.416Z] ----------------------------------------------------------------------
[debug] 
[debug] [2025-06-23T17:48:03.422Z] > command requires scopes: ["email","openid","https://www.googleapis.com/auth/cloudplatformprojects.readonly","https://www.googleapis.com/auth/firebase","https://www.googleapis.com/auth/cloud-platform"]
[debug] [2025-06-23T17:48:03.423Z] > authorizing via signed-in user (1410mlg@gmail.com)
[info] 
     ######## #### ########  ######## ########     ###     ######  ########
     ##        ##  ##     ## ##       ##     ##  ##   ##  ##       ##
     ######    ##  ########  ######   ########  #########  ######  ######
     ##        ##  ##    ##  ##       ##     ## ##     ##       ## ##
     ##       #### ##     ## ######## ########  ##     ##  ######  ########

You're about to initialize a Firebase project in this directory:

  C:\Users\Matheus\Documents\GitHub\projeto-barbearia

[info] 
=== Project Setup
[info] 
[info] First, let's associate this project directory with a Firebase project.
[info] You can create multiple project aliases by running firebase use --add, 
[info] but for now we'll just set up a default project.
[info] 
[debug] [2025-06-23T17:49:49.411Z] Checked if tokens are valid: true, expires at: 1750704468503
[debug] [2025-06-23T17:49:49.411Z] Checked if tokens are valid: true, expires at: 1750704468503
[debug] [2025-06-23T17:49:49.412Z] >>> [apiv2][query] GET https://firebase.googleapis.com/v1beta1/projects pageSize=100
[debug] [2025-06-23T17:49:50.096Z] <<< [apiv2][status] GET https://firebase.googleapis.com/v1beta1/projects 200
[debug] [2025-06-23T17:49:50.096Z] <<< [apiv2][body] GET https://firebase.googleapis.com/v1beta1/projects [omitted]
[info] i  Using project rbibarberapp (RBIBarberApp) 
[info] 
=== Firestore Setup
[info] i  firestore: ensuring required API firestore.googleapis.com is enabled... 
[debug] [2025-06-23T17:50:10.886Z] Checked if tokens are valid: true, expires at: 1750704468503
[debug] [2025-06-23T17:50:10.886Z] Checked if tokens are valid: true, expires at: 1750704468503
[debug] [2025-06-23T17:50:10.886Z] >>> [apiv2][query] GET https://serviceusage.googleapis.com/v1/projects/rbibarberapp/services/firestore.googleapis.com [none]
[debug] [2025-06-23T17:50:10.886Z] >>> [apiv2][(partial)header] GET https://serviceusage.googleapis.com/v1/projects/rbibarberapp/services/firestore.googleapis.com x-goog-quota-user=projects/rbibarberapp
[debug] [2025-06-23T17:50:12.032Z] <<< [apiv2][status] GET https://serviceusage.googleapis.com/v1/projects/rbibarberapp/services/firestore.googleapis.com 200
[debug] [2025-06-23T17:50:12.033Z] <<< [apiv2][body] GET https://serviceusage.googleapis.com/v1/projects/rbibarberapp/services/firestore.googleapis.com [omitted]
[warn] !  firestore: missing required API firestore.googleapis.com. Enabling now... 
[debug] [2025-06-23T17:50:12.035Z] Checked if tokens are valid: true, expires at: 1750704468503
[debug] [2025-06-23T17:50:12.035Z] Checked if tokens are valid: true, expires at: 1750704468503
[debug] [2025-06-23T17:50:12.035Z] >>> [apiv2][query] POST https://serviceusage.googleapis.com/v1/projects/rbibarberapp/services/firestore.googleapis.com:enable [none]
[debug] [2025-06-23T17:50:12.035Z] >>> [apiv2][(partial)header] POST https://serviceusage.googleapis.com/v1/projects/rbibarberapp/services/firestore.googleapis.com:enable x-goog-quota-user=projects/rbibarberapp
[debug] [2025-06-23T17:50:13.300Z] <<< [apiv2][status] POST https://serviceusage.googleapis.com/v1/projects/rbibarberapp/services/firestore.googleapis.com:enable 200
[debug] [2025-06-23T17:50:13.300Z] <<< [apiv2][body] POST https://serviceusage.googleapis.com/v1/projects/rbibarberapp/services/firestore.googleapis.com:enable [omitted]
[debug] [2025-06-23T17:50:23.312Z] Checked if tokens are valid: true, expires at: 1750704468503
[debug] [2025-06-23T17:50:23.312Z] Checked if tokens are valid: true, expires at: 1750704468503
[debug] [2025-06-23T17:50:23.312Z] >>> [apiv2][query] GET https://firestore.googleapis.com/v1/projects/rbibarberapp/databases [none]
[debug] [2025-06-23T17:50:23.915Z] <<< [apiv2][status] GET https://firestore.googleapis.com/v1/projects/rbibarberapp/databases 200
[debug] [2025-06-23T17:50:23.915Z] <<< [apiv2][body] GET https://firestore.googleapis.com/v1/projects/rbibarberapp/databases {}
[debug] [2025-06-23T17:50:23.916Z] Checked if tokens are valid: true, expires at: 1750704468503
[debug] [2025-06-23T17:50:23.916Z] Checked if tokens are valid: true, expires at: 1750704468503
[debug] [2025-06-23T17:50:23.916Z] >>> [apiv2][query] GET https://firestore.googleapis.com/v1/projects/rbibarberapp/locations [none]
[debug] [2025-06-23T17:50:24.046Z] <<< [apiv2][status] GET https://firestore.googleapis.com/v1/projects/rbibarberapp/locations 200
[debug] [2025-06-23T17:50:24.046Z] <<< [apiv2][body] GET https://firestore.googleapis.com/v1/projects/rbibarberapp/locations {"locations":[{"name":"projects/rbibarberapp/locations/eur3","labels":{"appengine.googleapis.com/geo":"europe-west","cloud.googleapis.com/location":"eur3","cloud.googleapis.com/geo":"eur3"},"metadata":{"@type":"type.googleapis.com/google.firestore.admin.v1.LocationMetadata"},"locationId":"eur3","displayName":"Europe"},{"name":"projects/rbibarberapp/locations/nam5","labels":{"appengine.googleapis.com/geo":"us-central","cloud.googleapis.com/location":"nam5","cloud.googleapis.com/geo":"nam5"},"metadata":{"@type":"type.googleapis.com/google.firestore.admin.v1.LocationMetadata"},"locationId":"nam5","displayName":"United States"},{"name":"projects/rbibarberapp/locations/nam7","labels":{"cloud.googleapis.com/location":"nam7","cloud.googleapis.com/geo":"nam7"},"metadata":{"@type":"type.googleapis.com/google.firestore.admin.v1.LocationMetadata"},"locationId":"nam7","displayName":"United States"},{"name":"projects/rbibarberapp/locations/africa-south1","labels":{"cloud.googleapis.com/location":"africa-south1","cloud.googleapis.com/region":"africa-south1"},"metadata":{"@type":"type.googleapis.com/google.firestore.admin.v1.LocationMetadata"},"locationId":"africa-south1","displayName":"Johannesburg"},{"name":"projects/rbibarberapp/locations/asia-east1","labels":{"appengine.googleapis.com/region":"asia-east1","cloud.googleapis.com/location":"asia-east1","cloud.googleapis.com/region":"asia-east1"},"metadata":{"@type":"type.googleapis.com/google.firestore.admin.v1.LocationMetadata"},"locationId":"asia-east1","displayName":"Taiwan"},{"name":"projects/rbibarberapp/locations/asia-east2","labels":{"appengine.googleapis.com/region":"asia-east2","cloud.googleapis.com/location":"asia-east2","cloud.googleapis.com/region":"asia-east2"},"metadata":{"@type":"type.googleapis.com/google.firestore.admin.v1.LocationMetadata"},"locationId":"asia-east2","displayName":"Hong Kong"},{"name":"projects/rbibarberapp/locations/asia-northeast1","labels":{"appengine.googleapis.com/region":"asia-northeast1","cloud.googleapis.com/location":"asia-northeast1","cloud.googleapis.com/region":"asia-northeast1"},"metadata":{"@type":"type.googleapis.com/google.firestore.admin.v1.LocationMetadata"},"locationId":"asia-northeast1","displayName":"Tokyo"},{"name":"projects/rbibarberapp/locations/asia-northeast2","labels":{"appengine.googleapis.com/region":"asia-northeast2","cloud.googleapis.com/location":"asia-northeast2","cloud.googleapis.com/region":"asia-northeast2"},"metadata":{"@type":"type.googleapis.com/google.firestore.admin.v1.LocationMetadata"},"locationId":"asia-northeast2","displayName":"Osaka"},{"name":"projects/rbibarberapp/locations/asia-northeast3","labels":{"appengine.googleapis.com/region":"asia-northeast3","cloud.googleapis.com/location":"asia-northeast3","cloud.googleapis.com/region":"asia-northeast3"},"metadata":{"@type":"type.googleapis.com/google.firestore.admin.v1.LocationMetadata"},"locationId":"asia-northeast3","displayName":"Seoul"},{"name":"projects/rbibarberapp/locations/asia-south1","labels":{"appengine.googleapis.com/region":"asia-south1","cloud.googleapis.com/location":"asia-south1","cloud.googleapis.com/region":"asia-south1"},"metadata":{"@type":"type.googleapis.com/google.firestore.admin.v1.LocationMetadata"},"locationId":"asia-south1","displayName":"Mumbai"},{"name":"projects/rbibarberapp/locations/asia-south2","labels":{"cloud.googleapis.com/location":"asia-south2","cloud.googleapis.com/region":"asia-south2"},"metadata":{"@type":"type.googleapis.com/google.firestore.admin.v1.LocationMetadata"},"locationId":"asia-south2","displayName":"Delhi"},{"name":"projects/rbibarberapp/locations/asia-southeast1","labels":{"appengine.googleapis.com/region":"asia-southeast1","cloud.googleapis.com/location":"asia-southeast1","cloud.googleapis.com/region":"asia-southeast1"},"metadata":{"@type":"type.googleapis.com/google.firestore.admin.v1.LocationMetadata"},"locationId":"asia-southeast1","displayName":"Singapore"},{"name":"projects/rbibarberapp/locations/asia-southeast2","labels":{"appengine.googleapis.com/region":"asia-southeast2","cloud.googleapis.com/location":"asia-southeast2","cloud.googleapis.com/region":"asia-southeast2"},"metadata":{"@type":"type.googleapis.com/google.firestore.admin.v1.LocationMetadata"},"locationId":"asia-southeast2","displayName":"Jakarta"},{"name":"projects/rbibarberapp/locations/australia-southeast1","labels":{"appengine.googleapis.com/region":"australia-southeast1","cloud.googleapis.com/location":"australia-southeast1","cloud.googleapis.com/region":"australia-southeast1"},"metadata":{"@type":"type.googleapis.com/google.firestore.admin.v1.LocationMetadata"},"locationId":"australia-southeast1","displayName":"Sydney"},{"name":"projects/rbibarberapp/locations/australia-southeast2","labels":{"cloud.googleapis.com/location":"australia-southeast2","cloud.googleapis.com/region":"australia-southeast2"},"metadata":{"@type":"type.googleapis.com/google.firestore.admin.v1.LocationMetadata"},"locationId":"australia-southeast2","displayName":"Melbourne"},{"name":"projects/rbibarberapp/locations/europe-central2","labels":{"appengine.googleapis.com/region":"europe-central2","cloud.googleapis.com/location":"europe-central2","cloud.googleapis.com/region":"europe-central2"},"metadata":{"@type":"type.googleapis.com/google.firestore.admin.v1.LocationMetadata"},"locationId":"europe-central2","displayName":"Warsaw"},{"name":"projects/rbibarberapp/locations/europe-north1","labels":{"cloud.googleapis.com/location":"europe-north1","cloud.googleapis.com/region":"europe-north1"},"metadata":{"@type":"type.googleapis.com/google.firestore.admin.v1.LocationMetadata"},"locationId":"europe-north1","displayName":"Finland"},{"name":"projects/rbibarberapp/locations/europe-north2","labels":{"cloud.googleapis.com/location":"europe-north2","cloud.googleapis.com/region":"europe-north2"},"metadata":{"@type":"type.googleapis.com/google.firestore.admin.v1.LocationMetadata"},"locationId":"europe-north2","displayName":"Stockholm"},{"name":"projects/rbibarberapp/locations/europe-southwest1","labels":{"cloud.googleapis.com/location":"europe-southwest1","cloud.googleapis.com/region":"europe-southwest1"},"metadata":{"@type":"type.googleapis.com/google.firestore.admin.v1.LocationMetadata"},"locationId":"europe-southwest1","displayName":"Madrid"},{"name":"projects/rbibarberapp/locations/europe-west1","labels":{"cloud.googleapis.com/location":"europe-west1","cloud.googleapis.com/region":"europe-west1"},"metadata":{"@type":"type.googleapis.com/google.firestore.admin.v1.LocationMetadata"},"locationId":"europe-west1","displayName":"Belgium"},{"name":"projects/rbibarberapp/locations/europe-west10","labels":{"cloud.googleapis.com/location":"europe-west10","cloud.googleapis.com/region":"europe-west10"},"metadata":{"@type":"type.googleapis.com/google.firestore.admin.v1.LocationMetadata"},"locationId":"europe-west10","displayName":"Berlin"},{"name":"projects/rbibarberapp/locations/europe-west12","labels":{"cloud.googleapis.com/location":"europe-west12","cloud.googleapis.com/region":"europe-west12"},"metadata":{"@type":"type.googleapis.com/google.firestore.admin.v1.LocationMetadata"},"locationId":"europe-west12","displayName":"Turin"},{"name":"projects/rbibarberapp/locations/europe-west2","labels":{"appengine.googleapis.com/region":"europe-west2","cloud.googleapis.com/location":"europe-west2","cloud.googleapis.com/region":"europe-west2"},"metadata":{"@type":"type.googleapis.com/google.firestore.admin.v1.LocationMetadata"},"locationId":"europe-west2","displayName":"London"},{"name":"projects/rbibarberapp/locations/europe-west3","labels":{"appengine.googleapis.com/region":"europe-west3","cloud.googleapis.com/location":"europe-west3","cloud.googleapis.com/region":"europe-west3"},"metadata":{"@type":"type.googleapis.com/google.firestore.admin.v1.LocationMetadata"},"locationId":"europe-west3","displayName":"Frankfurt"},{"name":"projects/rbibarberapp/locations/europe-west4","labels":{"cloud.googleapis.com/location":"europe-west4","cloud.googleapis.com/region":"europe-west4"},"metadata":{"@type":"type.googleapis.com/google.firestore.admin.v1.LocationMetadata"},"locationId":"europe-west4","displayName":"Netherlands"},{"name":"projects/rbibarberapp/locations/europe-west6","labels":{"appengine.googleapis.com/region":"europe-west6","cloud.googleapis.com/location":"europe-west6","cloud.googleapis.com/region":"europe-west6"},"metadata":{"@type":"type.googleapis.com/google.firestore.admin.v1.LocationMetadata"},"locationId":"europe-west6","displayName":"Zurich"},{"name":"projects/rbibarberapp/locations/europe-west8","labels":{"cloud.googleapis.com/location":"europe-west8","cloud.googleapis.com/region":"europe-west8"},"metadata":{"@type":"type.googleapis.com/google.firestore.admin.v1.LocationMetadata"},"locationId":"europe-west8","displayName":"Milan"},{"name":"projects/rbibarberapp/locations/europe-west9","labels":{"cloud.googleapis.com/location":"europe-west9","cloud.googleapis.com/region":"europe-west9"},"metadata":{"@type":"type.googleapis.com/google.firestore.admin.v1.LocationMetadata"},"locationId":"europe-west9","displayName":"Paris"},{"name":"projects/rbibarberapp/locations/me-central1","labels":{"cloud.googleapis.com/location":"me-central1","cloud.googleapis.com/region":"me-central1"},"metadata":{"@type":"type.googleapis.com/google.firestore.admin.v1.LocationMetadata"},"locationId":"me-central1","displayName":"Doha"},{"name":"projects/rbibarberapp/locations/me-central2","labels":{"cloud.googleapis.com/location":"me-central2","cloud.googleapis.com/region":"me-central2"},"metadata":{"@type":"type.googleapis.com/google.firestore.admin.v1.LocationMetadata"},"locationId":"me-central2","displayName":"Dammam"},{"name":"projects/rbibarberapp/locations/me-west1","labels":{"cloud.googleapis.com/location":"me-west1","cloud.googleapis.com/region":"me-west1"},"metadata":{"@type":"type.googleapis.com/google.firestore.admin.v1.LocationMetadata"},"locationId":"me-west1","displayName":"Tel Aviv"},{"name":"projects/rbibarberapp/locations/northamerica-northeast1","labels":{"appengine.googleapis.com/region":"northamerica-northeast1","cloud.googleapis.com/location":"northamerica-northeast1","cloud.googleapis.com/region":"northamerica-northeast1"},"metadata":{"@type":"type.googleapis.com/google.firestore.admin.v1.LocationMetadata"},"locationId":"northamerica-northeast1","displayName":"Montréal"},{"name":"projects/rbibarberapp/locations/northamerica-northeast2","labels":{"cloud.googleapis.com/location":"northamerica-northeast2","cloud.googleapis.com/region":"northamerica-northeast2"},"metadata":{"@type":"type.googleapis.com/google.firestore.admin.v1.LocationMetadata"},"locationId":"northamerica-northeast2","displayName":"Toronto"},{"name":"projects/rbibarberapp/locations/northamerica-south1","labels":{"cloud.googleapis.com/location":"northamerica-south1","cloud.googleapis.com/region":"northamerica-south1"},"metadata":{"@type":"type.googleapis.com/google.firestore.admin.v1.LocationMetadata"},"locationId":"northamerica-south1","displayName":"Mexico"},{"name":"projects/rbibarberapp/locations/southamerica-east1","labels":{"appengine.googleapis.com/region":"southamerica-east1","cloud.googleapis.com/location":"southamerica-east1","cloud.googleapis.com/region":"southamerica-east1"},"metadata":{"@type":"type.googleapis.com/google.firestore.admin.v1.LocationMetadata"},"locationId":"southamerica-east1","displayName":"São Paulo"},{"name":"projects/rbibarberapp/locations/southamerica-west1","labels":{"cloud.googleapis.com/location":"southamerica-west1","cloud.googleapis.com/region":"southamerica-west1"},"metadata":{"@type":"type.googleapis.com/google.firestore.admin.v1.LocationMetadata"},"locationId":"southamerica-west1","displayName":"Santiago"},{"name":"projects/rbibarberapp/locations/us-central1","labels":{"cloud.googleapis.com/location":"us-central1","cloud.googleapis.com/region":"us-central1"},"metadata":{"@type":"type.googleapis.com/google.firestore.admin.v1.LocationMetadata"},"locationId":"us-central1","displayName":"Iowa"},{"name":"projects/rbibarberapp/locations/us-east1","labels":{"appengine.googleapis.com/region":"us-east1","cloud.googleapis.com/location":"us-east1","cloud.googleapis.com/region":"us-east1"},"metadata":{"@type":"type.googleapis.com/google.firestore.admin.v1.LocationMetadata"},"locationId":"us-east1","displayName":"South Carolina"},{"name":"projects/rbibarberapp/locations/us-east4","labels":{"appengine.googleapis.com/region":"us-east4","cloud.googleapis.com/location":"us-east4","cloud.googleapis.com/region":"us-east4"},"metadata":{"@type":"type.googleapis.com/google.firestore.admin.v1.LocationMetadata"},"locationId":"us-east4","displayName":"Northern Virginia"},{"name":"projects/rbibarberapp/locations/us-east5","labels":{"cloud.googleapis.com/location":"us-east5","cloud.googleapis.com/region":"us-east5"},"metadata":{"@type":"type.googleapis.com/google.firestore.admin.v1.LocationMetadata"},"locationId":"us-east5","displayName":"Columbus"},{"name":"projects/rbibarberapp/locations/us-south1","labels":{"cloud.googleapis.com/location":"us-south1","cloud.googleapis.com/region":"us-south1"},"metadata":{"@type":"type.googleapis.com/google.firestore.admin.v1.LocationMetadata"},"locationId":"us-south1","displayName":"Dallas"},{"name":"projects/rbibarberapp/locations/us-west1","labels":{"appengine.googleapis.com/region":"us-west1","cloud.googleapis.com/location":"us-west1","cloud.googleapis.com/region":"us-west1"},"metadata":{"@type":"type.googleapis.com/google.firestore.admin.v1.LocationMetadata"},"locationId":"us-west1","displayName":"Oregon"},{"name":"projects/rbibarberapp/locations/us-west2","labels":{"appengine.googleapis.com/region":"us-west2","cloud.googleapis.com/location":"us-west2","cloud.googleapis.com/region":"us-west2"},"metadata":{"@type":"type.googleapis.com/google.firestore.admin.v1.LocationMetadata"},"locationId":"us-west2","displayName":"Los Angeles"},{"name":"projects/rbibarberapp/locations/us-west3","labels":{"appengine.googleapis.com/region":"us-west3","cloud.googleapis.com/location":"us-west3","cloud.googleapis.com/region":"us-west3"},"metadata":{"@type":"type.googleapis.com/google.firestore.admin.v1.LocationMetadata"},"locationId":"us-west3","displayName":"Salt Lake City"},{"name":"projects/rbibarberapp/locations/us-west4","labels":{"appengine.googleapis.com/region":"us-west4","cloud.googleapis.com/location":"us-west4","cloud.googleapis.com/region":"us-west4"},"metadata":{"@type":"type.googleapis.com/google.firestore.admin.v1.LocationMetadata"},"locationId":"us-west4","displayName":"Las Vegas"},{"name":"projects/rbibarberapp/locations/us-west8","labels":{"cloud.googleapis.com/location":"us-west8","cloud.googleapis.com/region":"us-west8"},"metadata":{"@type":"type.googleapis.com/google.firestore.admin.v1.LocationMetadata"},"locationId":"us-west8","displayName":"Phoenix"}]}
[info] 
[info] Firestore Security Rules allow you to define how and when to allow
[info] requests. You can keep these rules in your project directory
[info] and publish them with firebase deploy.
[info] 
[debug] [2025-06-23T17:51:15.866Z] Checked if tokens are valid: true, expires at: 1750704468503
[debug] [2025-06-23T17:51:15.866Z] Checked if tokens are valid: true, expires at: 1750704468503
[debug] [2025-06-23T17:51:15.866Z] >>> [apiv2][query] GET https://firebaserules.googleapis.com/v1/projects/rbibarberapp/releases pageSize=10&pageToken=
[debug] [2025-06-23T17:51:17.094Z] <<< [apiv2][status] GET https://firebaserules.googleapis.com/v1/projects/rbibarberapp/releases 200
[debug] [2025-06-23T17:51:17.094Z] <<< [apiv2][body] GET https://firebaserules.googleapis.com/v1/projects/rbibarberapp/releases {}
[info] 
[info] Firestore indexes allow you to perform complex queries while
[info] maintaining performance that scales with the size of the result
[info] set. You can keep index definitions in your project directory
[info] and publish them with firebase deploy.
[info] 
[debug] [2025-06-23T17:51:36.863Z] Checked if tokens are valid: true, expires at: 1750704468503
[debug] [2025-06-23T17:51:36.863Z] Checked if tokens are valid: true, expires at: 1750704468503
[debug] [2025-06-23T17:51:36.863Z] Checked if tokens are valid: true, expires at: 1750704468503
[debug] [2025-06-23T17:51:36.863Z] Checked if tokens are valid: true, expires at: 1750704468503
[debug] [2025-06-23T17:51:36.863Z] >>> [apiv2][query] GET https://firestore.googleapis.com/v1/projects/rbibarberapp/databases/(default)/collectionGroups/-/indexes [none]
[debug] [2025-06-23T17:51:36.865Z] >>> [apiv2][query] GET https://firestore.googleapis.com/v1/projects/rbibarberapp/databases/(default)/collectionGroups/-/fields?filter=indexConfig.usesAncestorConfig=false OR ttlConfig:* [none]
[debug] [2025-06-23T17:51:37.085Z] <<< [apiv2][status] GET https://firestore.googleapis.com/v1/projects/rbibarberapp/databases/(default)/collectionGroups/-/indexes 404
[debug] [2025-06-23T17:51:37.086Z] <<< [apiv2][body] GET https://firestore.googleapis.com/v1/projects/rbibarberapp/databases/(default)/collectionGroups/-/indexes {"error":{"code":404,"message":"Project 'rbibarberapp' or database '(default)' does not exist.","status":"NOT_FOUND"}}
[info] +  Wrote firestore.rules 
[info] +  Wrote firestore.indexes.json 
[info] 
=== Hosting Setup
[debug] [2025-06-23T17:51:37.090Z] Checked if tokens are valid: true, expires at: 1750704468503
[debug] [2025-06-23T17:51:37.090Z] Checked if tokens are valid: true, expires at: 1750704468503
[debug] [2025-06-23T17:51:37.090Z] >>> [apiv2][query] GET https://firebase.googleapis.com/v1beta1/projects/rbibarberapp [none]
[debug] [2025-06-23T17:51:37.097Z] <<< [apiv2][status] GET https://firestore.googleapis.com/v1/projects/rbibarberapp/databases/(default)/collectionGroups/-/fields?filter=indexConfig.usesAncestorConfig=false OR ttlConfig:* 404
[debug] [2025-06-23T17:51:37.097Z] <<< [apiv2][body] GET https://firestore.googleapis.com/v1/projects/rbibarberapp/databases/(default)/collectionGroups/-/fields?filter=indexConfig.usesAncestorConfig=false OR ttlConfig:* {"error":{"code":404,"message":"Project 'rbibarberapp' or database '(default)' does not exist.","status":"NOT_FOUND"}}
[debug] [2025-06-23T17:51:37.516Z] <<< [apiv2][status] GET https://firebase.googleapis.com/v1beta1/projects/rbibarberapp 200
[debug] [2025-06-23T17:51:37.517Z] <<< [apiv2][body] GET https://firebase.googleapis.com/v1beta1/projects/rbibarberapp {"projectId":"rbibarberapp","projectNumber":"1058405040508","displayName":"RBIBarberApp","name":"projects/rbibarberapp","resources":{"hostingSite":"rbibarberapp"},"state":"ACTIVE","etag":"1_5e4f97a8-4727-44c3-9b1b-09dab0c1b9ba"}
[info] 
[info] Your public directory is the folder (relative to your project directory) that
[info] will contain Hosting assets to be uploaded with firebase deploy. If you
[info] have a build process for your assets, use your build's output directory.
[info] 
[debug] [2025-06-23T17:51:45.635Z] ExitPromptError: User force closed the prompt with SIGINT
    at Interface.sigint (C:\Users\Matheus\AppData\Roaming\npm\node_modules\firebase-tools\node_modules\@inquirer\core\dist\commonjs\lib\create-prompt.js:101:37)
    at Interface.emit (node:events:518:28)
    at Interface.emit (node:domain:489:12)
    at [_ttyWrite] [as _ttyWrite] (node:internal/readline/interface:1128:18)
    at ReadStream.onkeypress (node:internal/readline/interface:267:20)
    at ReadStream.emit (node:events:530:35)
    at ReadStream.emit (node:domain:489:12)
    at emitKeys (node:internal/readline/utils:370:14)
    at emitKeys.next (<anonymous>)
    at ReadStream.onData (node:internal/readline/emitKeypressEvents:64:36)
[error] 
[error] Error: An unexpected error has occurred.
